Using pre-set license
Built from '2020.3/staging' branch; Version is '2020.3.11f1 (99c7afb366b3) revision 10078127'; Using compiler version '192528614'; Build Type 'Release'
OS: 'Windows 10 Education; OS build 19042.1023; Version 2009; 64bit' Language: 'en' Physical Memory: 8140 MB
BatchMode: 1, IsHumanControllingUs: 0, StartBugReporterOnCrash: 0, Is64bit: 1, IsPro: 0

 COMMAND LINE ARGUMENTS:
C:\Program Files\Unity\Hub\Editor\2020.3.11f1\Editor\Unity.exe
-adb2
-batchMode
-noUpm
-name
AssetImportWorker0
-projectPath
C:/Users/Chicho/Documents/Unity Engine- Proyects/DesafíoTécnico(JamCity)
-logFile
Logs/AssetImportWorker0.log
-srvPort
58127
Successfully changed project path to: C:/Users/Chicho/Documents/Unity Engine- Proyects/DesafíoTécnico(JamCity)
C:/Users/Chicho/Documents/Unity Engine- Proyects/DesafíoTécnico(JamCity)
Using Asset Import Pipeline V2.
Refreshing native plugins compatible for Editor in 29.19 ms, found 2 plugins.
Preloading 0 native plugins for Editor in 0.00 ms.
Initialize engine version: 2020.3.11f1 (99c7afb366b3)
[Subsystems] Discovering subsystems at path C:/Program Files/Unity/Hub/Editor/2020.3.11f1/Editor/Data/Resources/UnitySubsystems
[Subsystems] Discovering subsystems at path C:/Users/Chicho/Documents/Unity Engine- Proyects/DesafíoTécnico(JamCity)/Assets
GfxDevice: creating device client; threaded=0
Direct3D:
    Version:  Direct3D 11.0 [level 11.1]
    Renderer: NVIDIA GeForce GTX 1070 (ID=0x1b81)
    Vendor:   
    VRAM:     8088 MB
    Driver:   27.21.14.6663
Initialize mono
Mono path[0] = 'C:/Program Files/Unity/Hub/Editor/2020.3.11f1/Editor/Data/Managed'
Mono path[1] = 'C:/Program Files/Unity/Hub/Editor/2020.3.11f1/Editor/Data/MonoBleedingEdge/lib/mono/unityjit'
Mono config path = 'C:/Program Files/Unity/Hub/Editor/2020.3.11f1/Editor/Data/MonoBleedingEdge/etc'
Using monoOptions --debugger-agent=transport=dt_socket,embedding=1,server=y,suspend=n,address=127.0.0.1:56260
Begin MonoManager ReloadAssembly
Registering precompiled unity dll's ...
Register platform support module: C:/Program Files/Unity/Hub/Editor/2020.3.11f1/Editor/Data/PlaybackEngines/WindowsStandaloneSupport/UnityEditor.WindowsStandalone.Extensions.dll
Registered in 0.002008 seconds.
Native extension for WindowsStandalone target not found
Refreshing native plugins compatible for Editor in 25.40 ms, found 2 plugins.
Preloading 0 native plugins for Editor in 0.00 ms.
Mono: successfully reloaded assembly
- Completed reload, in  4.009 seconds
Platform modules already initialized, skipping
Registering precompiled user dll's ...
Registered in 0.096498 seconds.
Begin MonoManager ReloadAssembly
Native extension for WindowsStandalone target not found
Refreshing native plugins compatible for Editor in 0.30 ms, found 2 plugins.
Preloading 0 native plugins for Editor in 0.00 ms.
Mono: successfully reloaded assembly
- Completed reload, in  1.001 seconds
Platform modules already initialized, skipping
========================================================================
Worker process is ready to serve import requests
Launched and connected shader compiler UnityShaderCompiler.exe after 0.11 seconds
Refreshing native plugins compatible for Editor in 0.32 ms, found 2 plugins.
Preloading 0 native plugins for Editor in 0.00 ms.
Unloading 1394 Unused Serialized files (Serialized files now loaded: 0)
System memory in use before: 65.4 MB.
System memory in use after: 65.4 MB.

Unloading 19 unused Assets to reduce memory usage. Loaded Objects now: 1827.
Total: 2.495100 ms (FindLiveObjects: 0.171400 ms CreateObjectMapping: 0.051800 ms MarkObjects: 2.182900 ms  DeleteObjects: 0.088000 ms)

========================================================================
Received Import Request.
  path: Assets/Scripts/Select.cs
  artifactKey: Guid(02a2578f432be0b4193a4dd8d255437c) Importer(815301076,1909f56bfc062723c751e8b465ee728b)
Start importing Assets/Scripts/Select.cs using Guid(02a2578f432be0b4193a4dd8d255437c) Importer(815301076,1909f56bfc062723c751e8b465ee728b)  -> (artifact id: 'adc2989b6bf43f90edbd528b9157d368') in 0.061378 seconds
  Import took 0.066560 seconds .

========================================================================
Received Import Request.
  Time since last request: 0.000343 seconds.
  path: Assets/Scripts/GameManager.cs
  artifactKey: Guid(c06e75fe50d86b741989a2e35d885b25) Importer(815301076,1909f56bfc062723c751e8b465ee728b)
Start importing Assets/Scripts/GameManager.cs using Guid(c06e75fe50d86b741989a2e35d885b25) Importer(815301076,1909f56bfc062723c751e8b465ee728b)  -> (artifact id: '325c27146df1e0bb403f40ff1c465d55') in 0.006540 seconds
  Import took 0.010351 seconds .

========================================================================
Received Prepare
Registering precompiled user dll's ...
Registered in 0.003798 seconds.
Begin MonoManager ReloadAssembly
Native extension for WindowsStandalone target not found
Refreshing native plugins compatible for Editor in 0.32 ms, found 2 plugins.
Preloading 0 native plugins for Editor in 0.00 ms.
Mono: successfully reloaded assembly
- Completed reload, in  0.934 seconds
Platform modules already initialized, skipping
Refreshing native plugins compatible for Editor in 0.29 ms, found 2 plugins.
Preloading 0 native plugins for Editor in 0.00 ms.
Unloading 1389 Unused Serialized files (Serialized files now loaded: 0)
System memory in use before: 65.3 MB.
System memory in use after: 65.4 MB.

Unloading 14 unused Assets to reduce memory usage. Loaded Objects now: 1830.
Total: 2.049700 ms (FindLiveObjects: 0.150400 ms CreateObjectMapping: 0.038700 ms MarkObjects: 1.778900 ms  DeleteObjects: 0.081000 ms)

========================================================================
Received Prepare
Registering precompiled user dll's ...
Registered in 0.003641 seconds.
Begin MonoManager ReloadAssembly
Native extension for WindowsStandalone target not found
Refreshing native plugins compatible for Editor in 0.33 ms, found 2 plugins.
Preloading 0 native plugins for Editor in 0.00 ms.
Mono: successfully reloaded assembly
- Completed reload, in  0.905 seconds
Platform modules already initialized, skipping
Refreshing native plugins compatible for Editor in 0.33 ms, found 2 plugins.
Preloading 0 native plugins for Editor in 0.00 ms.
Unloading 1389 Unused Serialized files (Serialized files now loaded: 0)
System memory in use before: 65.3 MB.
System memory in use after: 65.4 MB.

Unloading 14 unused Assets to reduce memory usage. Loaded Objects now: 1833.
Total: 2.131400 ms (FindLiveObjects: 0.153100 ms CreateObjectMapping: 0.040200 ms MarkObjects: 1.837600 ms  DeleteObjects: 0.099700 ms)

========================================================================
Received Import Request.
  Time since last request: 1206.028039 seconds.
  path: Assets/Scripts/Cost.cs
  artifactKey: Guid(23e450ede9a372d4eb3adcb8d14b01cf) Importer(815301076,1909f56bfc062723c751e8b465ee728b)
Start importing Assets/Scripts/Cost.cs using Guid(23e450ede9a372d4eb3adcb8d14b01cf) Importer(815301076,1909f56bfc062723c751e8b465ee728b)  -> (artifact id: '1ea9287bd9583026c0aaf65976ecc27e') in 0.012473 seconds
  Import took 0.016417 seconds .

========================================================================
Received Prepare
Registering precompiled user dll's ...
Registered in 0.004101 seconds.
Begin MonoManager ReloadAssembly
Native extension for WindowsStandalone target not found
Refreshing native plugins compatible for Editor in 0.28 ms, found 2 plugins.
Preloading 0 native plugins for Editor in 0.00 ms.
Mono: successfully reloaded assembly
- Completed reload, in  1.026 seconds
Platform modules already initialized, skipping
Refreshing native plugins compatible for Editor in 0.63 ms, found 2 plugins.
Preloading 0 native plugins for Editor in 0.00 ms.
Unloading 1390 Unused Serialized files (Serialized files now loaded: 0)
System memory in use before: 65.4 MB.
System memory in use after: 65.4 MB.

Unloading 14 unused Assets to reduce memory usage. Loaded Objects now: 1837.
Total: 1.951400 ms (FindLiveObjects: 0.126200 ms CreateObjectMapping: 0.038100 ms MarkObjects: 1.706800 ms  DeleteObjects: 0.079600 ms)

========================================================================
Received Prepare
Registering precompiled user dll's ...
Registered in 0.005974 seconds.
Begin MonoManager ReloadAssembly
Native extension for WindowsStandalone target not found
Refreshing native plugins compatible for Editor in 0.28 ms, found 2 plugins.
Preloading 0 native plugins for Editor in 0.00 ms.
Mono: successfully reloaded assembly
- Completed reload, in  0.974 seconds
Platform modules already initialized, skipping
Refreshing native plugins compatible for Editor in 0.33 ms, found 2 plugins.
Preloading 0 native plugins for Editor in 0.00 ms.
Unloading 1390 Unused Serialized files (Serialized files now loaded: 0)
System memory in use before: 65.4 MB.
System memory in use after: 65.5 MB.

Unloading 14 unused Assets to reduce memory usage. Loaded Objects now: 1840.
Total: 3.278000 ms (FindLiveObjects: 0.365200 ms CreateObjectMapping: 0.111200 ms MarkObjects: 2.751000 ms  DeleteObjects: 0.049300 ms)

========================================================================
Received Import Request.
  Time since last request: 158.168159 seconds.
  path: Assets/Scripts/Cost.cs
  artifactKey: Guid(23e450ede9a372d4eb3adcb8d14b01cf) Importer(815301076,1909f56bfc062723c751e8b465ee728b)
Start importing Assets/Scripts/Cost.cs using Guid(23e450ede9a372d4eb3adcb8d14b01cf) Importer(815301076,1909f56bfc062723c751e8b465ee728b)  -> (artifact id: '76badc5bf342374056d09ec19a55cfb7') in 0.005589 seconds
  Import took 0.011623 seconds .

========================================================================
Received Import Request.
  Time since last request: 15.581268 seconds.
  path: Assets/Prefabs/HexagonDesert.prefab
  artifactKey: Guid(270d525fb4688dc42af0876dd27255b3) Importer(815301076,1909f56bfc062723c751e8b465ee728b)
Start importing Assets/Prefabs/HexagonDesert.prefab using Guid(270d525fb4688dc42af0876dd27255b3) Importer(815301076,1909f56bfc062723c751e8b465ee728b)  -> (artifact id: 'd9f92e34aff50249ad8c6051f60b728f') in 0.117228 seconds
  Import took 0.120833 seconds .

========================================================================
Received Import Request.
  Time since last request: 3.393227 seconds.
  path: Assets/Prefabs/HexagonDesert.prefab
  artifactKey: Guid(270d525fb4688dc42af0876dd27255b3) Importer(815301076,1909f56bfc062723c751e8b465ee728b)
Start importing Assets/Prefabs/HexagonDesert.prefab using Guid(270d525fb4688dc42af0876dd27255b3) Importer(815301076,1909f56bfc062723c751e8b465ee728b)  -> (artifact id: 'd9881000dd769b83f31919345e16f3ca') in 0.012290 seconds
  Import took 0.015055 seconds .

========================================================================
Received Prepare
Registering precompiled user dll's ...
Registered in 0.005043 seconds.
Begin MonoManager ReloadAssembly
Native extension for WindowsStandalone target not found
Refreshing native plugins compatible for Editor in 0.29 ms, found 2 plugins.
Preloading 0 native plugins for Editor in 0.00 ms.
Mono: successfully reloaded assembly
- Completed reload, in  1.030 seconds
Platform modules already initialized, skipping
Refreshing native plugins compatible for Editor in 0.37 ms, found 2 plugins.
Preloading 0 native plugins for Editor in 0.00 ms.
Unloading 1390 Unused Serialized files (Serialized files now loaded: 0)
System memory in use before: 68.5 MB.
System memory in use after: 68.6 MB.

Unloading 14 unused Assets to reduce memory usage. Loaded Objects now: 1850.
Total: 2.035000 ms (FindLiveObjects: 0.221500 ms CreateObjectMapping: 0.045000 ms MarkObjects: 1.676500 ms  DeleteObjects: 0.091000 ms)

========================================================================
Received Import Request.
  Time since last request: 50.252617 seconds.
  path: Assets/Prefabs/HexagonDesert.prefab
  artifactKey: Guid(270d525fb4688dc42af0876dd27255b3) Importer(815301076,1909f56bfc062723c751e8b465ee728b)
Start importing Assets/Prefabs/HexagonDesert.prefab using Guid(270d525fb4688dc42af0876dd27255b3) Importer(815301076,1909f56bfc062723c751e8b465ee728b)  -> (artifact id: '87563553c94155f4cf91f4b252bd773e') in 0.050837 seconds
  Import took 0.053918 seconds .

========================================================================
Received Import Request.
  Time since last request: 22.379617 seconds.
  path: Assets/Prefabs/HexagonDesert.prefab
  artifactKey: Guid(270d525fb4688dc42af0876dd27255b3) Importer(815301076,1909f56bfc062723c751e8b465ee728b)
Start importing Assets/Prefabs/HexagonDesert.prefab using Guid(270d525fb4688dc42af0876dd27255b3) Importer(815301076,1909f56bfc062723c751e8b465ee728b)  -> (artifact id: '14f792c43570fb4c0be2d11494805abc') in 0.014524 seconds
  Import took 0.019013 seconds .

========================================================================
Received Import Request.
  Time since last request: 13.025404 seconds.
  path: Assets/Prefabs/HexagonForest.prefab
  artifactKey: Guid(3b267473111455f46b20079ad34477c8) Importer(815301076,1909f56bfc062723c751e8b465ee728b)
Start importing Assets/Prefabs/HexagonForest.prefab using Guid(3b267473111455f46b20079ad34477c8) Importer(815301076,1909f56bfc062723c751e8b465ee728b)  -> (artifact id: '83a0509164e60bcf5c8fdf62546e42fd') in 0.029935 seconds
  Import took 0.032975 seconds .

========================================================================
Received Import Request.
  Time since last request: 0.001433 seconds.
  path: Assets/Prefabs/HexagonForest.prefab
  artifactKey: Guid(3b267473111455f46b20079ad34477c8) Importer(815301076,1909f56bfc062723c751e8b465ee728b)
Start importing Assets/Prefabs/HexagonForest.prefab using Guid(3b267473111455f46b20079ad34477c8) Importer(815301076,1909f56bfc062723c751e8b465ee728b)  -> (artifact id: '83a0509164e60bcf5c8fdf62546e42fd') in 0.016504 seconds
  Import took 0.020293 seconds .

========================================================================
Received Import Request.
  Time since last request: 5.644187 seconds.
  path: Assets/Prefabs/HexagonForest.prefab
  artifactKey: Guid(3b267473111455f46b20079ad34477c8) Importer(815301076,1909f56bfc062723c751e8b465ee728b)
Start importing Assets/Prefabs/HexagonForest.prefab using Guid(3b267473111455f46b20079ad34477c8) Importer(815301076,1909f56bfc062723c751e8b465ee728b)  -> (artifact id: '46b09122cd001ebf57ac958d0b240a1e') in 0.020172 seconds
  Import took 0.023913 seconds .

========================================================================
Received Import Request.
  Time since last request: 2.668192 seconds.
  path: Assets/Prefabs/HexagonForest.prefab
  artifactKey: Guid(3b267473111455f46b20079ad34477c8) Importer(815301076,1909f56bfc062723c751e8b465ee728b)
Start importing Assets/Prefabs/HexagonForest.prefab using Guid(3b267473111455f46b20079ad34477c8) Importer(815301076,1909f56bfc062723c751e8b465ee728b)  -> (artifact id: 'f70ef239a8ee79e5ef5b4b1f38df9380') in 0.012841 seconds
  Import took 0.016289 seconds .

========================================================================
Received Import Request.
  Time since last request: 59.794491 seconds.
  path: ProjectSettings/TagManager.asset
  artifactKey: Guid(00000000000000003000000000000000) Importer(815301076,1909f56bfc062723c751e8b465ee728b)
Start importing ProjectSettings/TagManager.asset using Guid(00000000000000003000000000000000) Importer(815301076,1909f56bfc062723c751e8b465ee728b)  -> (artifact id: 'ce6a35c3cddc746e7501c0bd0ed6d4ce') in 0.009747 seconds
  Import took 0.013058 seconds .

========================================================================
Received Import Request.
  Time since last request: 0.001723 seconds.
  path: ProjectSettings/TagManager.asset
  artifactKey: Guid(00000000000000003000000000000000) Importer(815301076,1909f56bfc062723c751e8b465ee728b)
Start importing ProjectSettings/TagManager.asset using Guid(00000000000000003000000000000000) Importer(815301076,1909f56bfc062723c751e8b465ee728b)  -> (artifact id: 'ce6a35c3cddc746e7501c0bd0ed6d4ce') in 0.003662 seconds
  Import took 0.006251 seconds .

AssetImportWorkerClient::OnTransportError - code=2 error=End of file
